<?xml version="1.0" encoding="utf-8"?><testsuites><testsuite name="pytest" errors="0" failures="0" skipped="0" tests="4" time="16.144" timestamp="2025-02-12T04:55:00.506631" hostname="Chiuzus-MacBook-Pro.local"><testcase classname="tests.steps.test_add_remove_elements_bdd" name="test_add_remove_elements" time="5.461" /><testcase classname="tests.steps.test_basic_auth_bdd" name="test_moving_to_the_basic_auth_page" time="5.409" /><testcase classname="tests.steps.test_basic_auth_bdd" name="test_at_the_basic_auth_page" time="5.253" /><testcase classname="tests.steps.test_home_page_bdd" name="test_home_page" time="0.000" /></testsuite></testsuites>